<?xml version="1.0" encoding="UTF-8"?>
<testsuite xmlns:xsi="http://www.w3.org/2001/XMLSchema-instance" xsi:noNamespaceSchemaLocation="https://maven.apache.org/surefire/maven-surefire-plugin/xsd/surefire-test-report-3.0.xsd" version="3.0" name="com.example.Demo.DemoBackendApplicationTests" time="17.351" tests="1" errors="0" skipped="0" failures="0">
  <properties>
[...]
</properties>
  <testcase name="contextLoads" classname="com.example.Demo.DemoBackendApplicationTests" time="1.663">
    <system-out><![CDATA[14:21:12.790 [main] INFO org.springframework.test.context.support.AnnotationConfigContextLoaderUtils -- Could not detect default configuration classes for test class [com.example.Demo.DemoBackendApplicationTests]: DemoBackendApplicationTests does not declare any static, non-private, non-final, nested classes annotated with @Configuration.
14:21:13.077 [main] INFO org.springframework.boot.test.context.SpringBootTestContextBootstrapper -- Found @SpringBootConfiguration com.example.Demo.DemoBackendApplication for test class com.example.Demo.DemoBackendApplicationTests

  .   ____          _            __ _ _
 /\\ / ___'_ __ _ _(_)_ __  __ _ \ \ \ \
( ( )\___ | '_ | '_| | '_ \/ _` | \ \ \ \
 \\/  ___)| |_)| | | | | || (_| |  ) ) ) )
  '  |____| .__|_| |_|_| |_\__, | / / / /
 =========|_|==============|___/=/_/_/_/
 :: Spring Boot ::       (v3.1.7-SNAPSHOT)

2023-12-21T14:21:14.466+05:30  INFO 92164 --- [           main] c.e.Demo.DemoBackendApplicationTests     : Starting DemoBackendApplicationTests using Java 17.0.9 with PID 92164 (started by nareash in /home/nareash/Desktop/Azure_WebApp/backend)
2023-12-21T14:21:14.472+05:30  INFO 92164 --- [           main] c.e.Demo.DemoBackendApplicationTests     : No active profile set, falling back to 1 default profile: "default"
2023-12-21T14:21:16.824+05:30  INFO 92164 --- [           main] .s.d.r.c.RepositoryConfigurationDelegate : Bootstrapping Spring Data JPA repositories in DEFAULT mode.
2023-12-21T14:21:17.032+05:30  INFO 92164 --- [           main] .s.d.r.c.RepositoryConfigurationDelegate : Finished Spring Data repository scanning in 177 ms. Found 1 JPA repository interface.
2023-12-21T14:21:18.820+05:30  INFO 92164 --- [           main] o.hibernate.jpa.internal.util.LogHelper  : HHH000204: Processing PersistenceUnitInfo [name: default]
2023-12-21T14:21:18.989+05:30  INFO 92164 --- [           main] org.hibernate.Version                    : HHH000412: Hibernate ORM core version 6.2.15.Final
2023-12-21T14:21:18.998+05:30  INFO 92164 --- [           main] org.hibernate.cfg.Environment            : HHH000406: Using bytecode reflection optimizer
2023-12-21T14:21:20.036+05:30  INFO 92164 --- [           main] o.s.o.j.p.SpringPersistenceUnitInfo      : No LoadTimeWeaver setup: ignoring JPA class transformer
2023-12-21T14:21:20.173+05:30  INFO 92164 --- [           main] com.zaxxer.hikari.HikariDataSource       : HikariPool-1 - Starting...
2023-12-21T14:21:20.882+05:30  INFO 92164 --- [           main] com.zaxxer.hikari.pool.HikariPool        : HikariPool-1 - Added connection com.mysql.cj.jdbc.ConnectionImpl@1132baa3
2023-12-21T14:21:20.888+05:30  INFO 92164 --- [           main] com.zaxxer.hikari.HikariDataSource       : HikariPool-1 - Start completed.
2023-12-21T14:21:21.081+05:30  WARN 92164 --- [           main] org.hibernate.dialect.Dialect            : HHH000511: The 5.5.0 version for [org.hibernate.dialect.MySQLDialect] is no longer supported, hence certain features may not work properly. The minimum supported version is 5.7.0. Check the community dialects project for available legacy versions.
2023-12-21T14:21:23.624+05:30  INFO 92164 --- [           main] o.h.e.t.j.p.i.JtaPlatformInitiator       : HHH000489: No JTA platform available (set 'hibernate.transaction.jta.platform' to enable JTA platform integration)
2023-12-21T14:21:23.713+05:30  INFO 92164 --- [           main] j.LocalContainerEntityManagerFactoryBean : Initialized JPA EntityManagerFactory for persistence unit 'default'
2023-12-21T14:21:24.782+05:30  WARN 92164 --- [           main] JpaBaseConfiguration$JpaWebConfiguration : spring.jpa.open-in-view is enabled by default. Therefore, database queries may be performed during view rendering. Explicitly configure spring.jpa.open-in-view to disable this warning
2023-12-21T14:21:24.859+05:30  WARN 92164 --- [           main] o.s.security.core.userdetails.User       : User.withDefaultPasswordEncoder() is considered unsafe for production and is only intended for sample applications.
2023-12-21T14:21:26.545+05:30  INFO 92164 --- [           main] o.s.s.web.DefaultSecurityFilterChain     : Will secure any request with [org.springframework.security.web.session.DisableEncodeUrlFilter@74f92d14, org.springframework.security.web.context.request.async.WebAsyncManagerIntegrationFilter@40071890, org.springframework.security.web.context.SecurityContextHolderFilter@4a36a35d, org.springframework.security.web.header.HeaderWriterFilter@606f0f70, org.springframework.security.web.csrf.CsrfFilter@6d7772d3, org.springframework.security.web.authentication.logout.LogoutFilter@64df8422, org.springframework.security.web.authentication.UsernamePasswordAuthenticationFilter@7e36d508, org.springframework.security.web.savedrequest.RequestCacheAwareFilter@558ed473, org.springframework.security.web.servletapi.SecurityContextHolderAwareRequestFilter@e2498a3, org.springframework.security.web.authentication.AnonymousAuthenticationFilter@748aa7dc, org.springframework.security.web.access.ExceptionTranslationFilter@46c475ba, org.springframework.security.web.access.intercept.AuthorizationFilter@6166aac5]
2023-12-21T14:21:27.621+05:30  INFO 92164 --- [           main] c.e.Demo.DemoBackendApplicationTests     : Started DemoBackendApplicationTests in 14.084 seconds (process running for 17.012)
Hibernate: select next_val as id_val from user_seq for update
Hibernate: update user_seq set next_val= ? where next_val=?
Hibernate: insert into user (email,name,userid) values (?,?,?)
2023-12-21T14:21:27.924+05:30  INFO 92164 --- [           main] com.example.Demo.LoadDatabase            : Preloading User{userID=1502, name='Nareash', email='vnareashkaan@gmail.com'}
Hibernate: insert into user (email,name,userid) values (?,?,?)
2023-12-21T14:21:27.937+05:30  INFO 92164 --- [           main] com.example.Demo.LoadDatabase            : Preloading User{userID=1503, name='Dhatchaya', email='dhatchaya2000@gmail.com'}
]]></system-out>
  </testcase>
</testsuite>